# JRE version: Java(TM) SE Runtime Environment 18.9 (11.0.21+9) (build 11.0.21+9-LTS-193)
# Java VM: Java HotSpot(TM) 64-Bit Server VM 18.9 (11.0.21+9-LTS-193, mixed mode, tiered, compressed oops, g1 gc, windows-amd64)
Heap:
 garbage-first heap   total 260096K, used 73486K [0x0000000080000000, 0x0000000100000000)
  region size 1024K, 56 young (57344K), 2 survivors (2048K)
 Metaspace       used 27805K, capacity 28555K, committed 28720K, reserved 542720K
  class space    used 3663K, capacity 3951K, committed 3968K, reserved 516096K
GC Heap History (6 events):
Event: 28.091 GC heap before
{Heap before GC invocations=0 (full 0):
 garbage-first heap   total 260096K, used 27648K [0x0000000080000000, 0x0000000100000000)
  region size 1024K, 24 young (24576K), 0 survivors (0K)
 Metaspace       used 9973K, capacity 10193K, committed 10368K, reserved 526336K
  class space    used 1040K, capacity 1107K, committed 1152K, reserved 516096K
}
Event: 28.871 GC heap after
{Heap after GC invocations=1 (full 0):
 garbage-first heap   total 260096K, used 10383K [0x0000000080000000, 0x0000000100000000)
  region size 1024K, 3 young (3072K), 3 survivors (3072K)
 Metaspace       used 9973K, capacity 10193K, committed 10368K, reserved 526336K
  class space    used 1040K, capacity 1107K, committed 1152K, reserved 516096K
}
Event: 114.326 GC heap before
{Heap before GC invocations=1 (full 0):
 garbage-first heap   total 260096K, used 104591K [0x0000000080000000, 0x0000000100000000)
  region size 1024K, 95 young (97280K), 3 survivors (3072K)
 Metaspace       used 20783K, capacity 21225K, committed 21296K, reserved 536576K
  class space    used 2520K, capacity 2688K, committed 2688K, reserved 516096K
}
Event: 114.647 GC heap after
{Heap after GC invocations=2 (full 0):
 garbage-first heap   total 260096K, used 18402K [0x0000000080000000, 0x0000000100000000)
  region size 1024K, 11 young (11264K), 11 survivors (11264K)
 Metaspace       used 20783K, capacity 21225K, committed 21296K, reserved 536576K
  class space    used 2520K, capacity 2688K, committed 2688K, reserved 516096K
}
Event: 126.507 GC heap before
{Heap before GC invocations=3 (full 0):
 garbage-first heap   total 260096K, used 39906K [0x0000000080000000, 0x0000000100000000)
  region size 1024K, 32 young (32768K), 11 survivors (11264K)
 Metaspace       used 23240K, capacity 23854K, committed 24112K, reserved 538624K
  class space    used 2914K, capacity 3142K, committed 3200K, reserved 516096K
}
Event: 126.533 GC heap after
{Heap after GC invocations=4 (full 0):
 garbage-first heap   total 260096K, used 19214K [0x0000000080000000, 0x0000000100000000)
  region size 1024K, 2 young (2048K), 2 survivors (2048K)
 Metaspace       used 23240K, capacity 23854K, committed 24112K, reserved 538624K
  class space    used 2914K, capacity 3142K, committed 3200K, reserved 516096K
}

