# JRE version: Java(TM) SE Runtime Environment 18.9 (11.0.21+9) (build 11.0.21+9-LTS-193)
# Java VM: Java HotSpot(TM) 64-Bit Server VM 18.9 (11.0.21+9-LTS-193, mixed mode, tiered, compressed oops, g1 gc, windows-amd64)
Heap:
 garbage-first heap   total 260096K, used 92308K [0x0000000080000000, 0x0000000100000000)
  region size 1024K, 71 young (72704K), 8 survivors (8192K)
 Metaspace       used 40650K, capacity 41746K, committed 41980K, reserved 552960K
  class space    used 5183K, capacity 5590K, committed 5708K, reserved 516096K
GC Heap History (10 events):
Event: 24.760 GC heap before
{Heap before GC invocations=0 (full 0):
 garbage-first heap   total 260096K, used 27648K [0x0000000080000000, 0x0000000100000000)
  region size 1024K, 24 young (24576K), 0 survivors (0K)
 Metaspace       used 9998K, capacity 10257K, committed 10368K, reserved 526336K
  class space    used 1039K, capacity 1107K, committed 1152K, reserved 516096K
}
Event: 25.575 GC heap after
{Heap after GC invocations=1 (full 0):
 garbage-first heap   total 260096K, used 10589K [0x0000000080000000, 0x0000000100000000)
  region size 1024K, 3 young (3072K), 3 survivors (3072K)
 Metaspace       used 9998K, capacity 10257K, committed 10368K, reserved 526336K
  class space    used 1039K, capacity 1107K, committed 1152K, reserved 516096K
}
Event: 69.068 GC heap before
{Heap before GC invocations=1 (full 0):
 garbage-first heap   total 260096K, used 102749K [0x0000000080000000, 0x0000000100000000)
  region size 1024K, 94 young (96256K), 3 survivors (3072K)
 Metaspace       used 20763K, capacity 21220K, committed 21296K, reserved 536576K
  class space    used 2521K, capacity 2688K, committed 2688K, reserved 516096K
}
Event: 69.258 GC heap after
{Heap after GC invocations=2 (full 0):
 garbage-first heap   total 260096K, used 18057K [0x0000000080000000, 0x0000000100000000)
  region size 1024K, 11 young (11264K), 11 survivors (11264K)
 Metaspace       used 20763K, capacity 21220K, committed 21296K, reserved 536576K
  class space    used 2521K, capacity 2688K, committed 2688K, reserved 516096K
}
Event: 70.404 GC heap before
{Heap before GC invocations=3 (full 0):
 garbage-first heap   total 260096K, used 31369K [0x0000000080000000, 0x0000000100000000)
  region size 1024K, 24 young (24576K), 11 survivors (11264K)
 Metaspace       used 22036K, capacity 22475K, committed 22652K, reserved 536576K
  class space    used 2729K, capacity 2892K, committed 3020K, reserved 516096K
}
Event: 70.421 GC heap after
{Heap after GC invocations=4 (full 0):
 garbage-first heap   total 260096K, used 18826K [0x0000000080000000, 0x0000000100000000)
  region size 1024K, 1 young (1024K), 1 survivors (1024K)
 Metaspace       used 22036K, capacity 22475K, committed 22652K, reserved 536576K
  class space    used 2729K, capacity 2892K, committed 3020K, reserved 516096K
}
Event: 78.505 GC heap before
{Heap before GC invocations=5 (full 0):
 garbage-first heap   total 260096K, used 116106K [0x0000000080000000, 0x0000000100000000)
  region size 1024K, 96 young (98304K), 1 survivors (1024K)
 Metaspace       used 31061K, capacity 31793K, committed 32124K, reserved 544768K
  class space    used 4162K, capacity 4438K, committed 4556K, reserved 516096K
}
Event: 78.512 GC heap after
{Heap after GC invocations=6 (full 0):
 garbage-first heap   total 260096K, used 21943K [0x0000000080000000, 0x0000000100000000)
  region size 1024K, 4 young (4096K), 4 survivors (4096K)
 Metaspace       used 31061K, capacity 31793K, committed 32124K, reserved 544768K
  class space    used 4162K, capacity 4438K, committed 4556K, reserved 516096K
}
Event: 80.871 GC heap before
{Heap before GC invocations=6 (full 0):
 garbage-first heap   total 260096K, used 44471K [0x0000000080000000, 0x0000000100000000)
  region size 1024K, 28 young (28672K), 4 survivors (4096K)
 Metaspace       used 37201K, capacity 38055K, committed 38140K, reserved 550912K
  class space    used 4806K, capacity 5149K, committed 5196K, reserved 516096K
}
Event: 80.884 GC heap after
{Heap after GC invocations=7 (full 0):
 garbage-first heap   total 260096K, used 25748K [0x0000000080000000, 0x0000000100000000)
  region size 1024K, 8 young (8192K), 8 survivors (8192K)
 Metaspace       used 37201K, capacity 38055K, committed 38140K, reserved 550912K
  class space    used 4806K, capacity 5149K, committed 5196K, reserved 516096K
}

