# JRE version: Java(TM) SE Runtime Environment 18.9 (11.0.21+9) (build 11.0.21+9-LTS-193)
# Java VM: Java HotSpot(TM) 64-Bit Server VM 18.9 (11.0.21+9-LTS-193, mixed mode, tiered, compressed oops, g1 gc, windows-amd64)
Heap:
 garbage-first heap   total 260096K, used 97427K [0x0000000080000000, 0x0000000100000000)
  region size 1024K, 77 young (78848K), 6 survivors (6144K)
 Metaspace       used 40756K, capacity 41814K, committed 41904K, reserved 552960K
  class space    used 5185K, capacity 5590K, committed 5632K, reserved 516096K
GC Heap History (10 events):
Event: 39.239 GC heap before
{Heap before GC invocations=0 (full 0):
 garbage-first heap   total 260096K, used 27648K [0x0000000080000000, 0x0000000100000000)
  region size 1024K, 24 young (24576K), 0 survivors (0K)
 Metaspace       used 10017K, capacity 10257K, committed 10368K, reserved 526336K
  class space    used 1040K, capacity 1107K, committed 1152K, reserved 516096K
}
Event: 40.951 GC heap after
{Heap after GC invocations=1 (full 0):
 garbage-first heap   total 260096K, used 10590K [0x0000000080000000, 0x0000000100000000)
  region size 1024K, 3 young (3072K), 3 survivors (3072K)
 Metaspace       used 10017K, capacity 10257K, committed 10368K, reserved 526336K
  class space    used 1040K, capacity 1107K, committed 1152K, reserved 516096K
}
Event: 212.274 GC heap before
{Heap before GC invocations=1 (full 0):
 garbage-first heap   total 260096K, used 104798K [0x0000000080000000, 0x0000000100000000)
  region size 1024K, 95 young (97280K), 3 survivors (3072K)
 Metaspace       used 20813K, capacity 21226K, committed 21296K, reserved 536576K
  class space    used 2522K, capacity 2688K, committed 2688K, reserved 516096K
}
Event: 212.956 GC heap after
{Heap after GC invocations=2 (full 0):
 garbage-first heap   total 260096K, used 17983K [0x0000000080000000, 0x0000000100000000)
  region size 1024K, 11 young (11264K), 11 survivors (11264K)
 Metaspace       used 20813K, capacity 21226K, committed 21296K, reserved 536576K
  class space    used 2522K, capacity 2688K, committed 2688K, reserved 516096K
}
Event: 229.887 GC heap before
{Heap before GC invocations=3 (full 0):
 garbage-first heap   total 260096K, used 31295K [0x0000000080000000, 0x0000000100000000)
  region size 1024K, 24 young (24576K), 11 survivors (11264K)
 Metaspace       used 21977K, capacity 22469K, committed 22576K, reserved 536576K
  class space    used 2713K, capacity 2889K, committed 2944K, reserved 516096K
}
Event: 229.910 GC heap after
{Heap after GC invocations=4 (full 0):
 garbage-first heap   total 260096K, used 18727K [0x0000000080000000, 0x0000000100000000)
  region size 1024K, 1 young (1024K), 1 survivors (1024K)
 Metaspace       used 21977K, capacity 22469K, committed 22576K, reserved 536576K
  class space    used 2713K, capacity 2889K, committed 2944K, reserved 516096K
}
Event: 300.813 GC heap before
{Heap before GC invocations=4 (full 0):
 garbage-first heap   total 260096K, used 118055K [0x0000000080000000, 0x0000000100000000)
  region size 1024K, 98 young (100352K), 1 survivors (1024K)
 Metaspace       used 31119K, capacity 31863K, committed 32048K, reserved 544768K
  class space    used 4159K, capacity 4438K, committed 4480K, reserved 516096K
}
Event: 300.823 GC heap after
{Heap after GC invocations=5 (full 0):
 garbage-first heap   total 260096K, used 21810K [0x0000000080000000, 0x0000000100000000)
  region size 1024K, 4 young (4096K), 4 survivors (4096K)
 Metaspace       used 31119K, capacity 31863K, committed 32048K, reserved 544768K
  class space    used 4159K, capacity 4438K, committed 4480K, reserved 516096K
}
Event: 313.014 GC heap before
{Heap before GC invocations=5 (full 0):
 garbage-first heap   total 260096K, used 36146K [0x0000000080000000, 0x0000000100000000)
  region size 1024K, 19 young (19456K), 4 survivors (4096K)
 Metaspace       used 34956K, capacity 35722K, committed 35888K, reserved 548864K
  class space    used 4534K, capacity 4878K, committed 4992K, reserved 516096K
}
Event: 313.024 GC heap after
{Heap after GC invocations=6 (full 0):
 garbage-first heap   total 260096K, used 23699K [0x0000000080000000, 0x0000000100000000)
  region size 1024K, 6 young (6144K), 6 survivors (6144K)
 Metaspace       used 34956K, capacity 35722K, committed 35888K, reserved 548864K
  class space    used 4534K, capacity 4878K, committed 4992K, reserved 516096K
}

