# JRE version: Java(TM) SE Runtime Environment 18.9 (11.0.21+9) (build 11.0.21+9-LTS-193)
# Java VM: Java HotSpot(TM) 64-Bit Server VM 18.9 (11.0.21+9-LTS-193, mixed mode, tiered, compressed oops, g1 gc, windows-amd64)
Heap:
 garbage-first heap   total 260096K, used 78134K [0x0000000080000000, 0x0000000100000000)
  region size 1024K, 60 young (61440K), 3 survivors (3072K)
 Metaspace       used 35656K, capacity 36540K, committed 36680K, reserved 548864K
  class space    used 4630K, capacity 4982K, committed 5016K, reserved 516096K
GC Heap History (8 events):
Event: 11.169 GC heap before
{Heap before GC invocations=0 (full 0):
 garbage-first heap   total 260096K, used 27648K [0x0000000080000000, 0x0000000100000000)
  region size 1024K, 24 young (24576K), 0 survivors (0K)
 Metaspace       used 9988K, capacity 10257K, committed 10368K, reserved 526336K
  class space    used 1039K, capacity 1107K, committed 1152K, reserved 516096K
}
Event: 12.676 GC heap after
{Heap after GC invocations=1 (full 0):
 garbage-first heap   total 260096K, used 10588K [0x0000000080000000, 0x0000000100000000)
  region size 1024K, 3 young (3072K), 3 survivors (3072K)
 Metaspace       used 9988K, capacity 10257K, committed 10368K, reserved 526336K
  class space    used 1039K, capacity 1107K, committed 1152K, reserved 516096K
}
Event: 85.065 GC heap before
{Heap before GC invocations=1 (full 0):
 garbage-first heap   total 260096K, used 104796K [0x0000000080000000, 0x0000000100000000)
  region size 1024K, 96 young (98304K), 3 survivors (3072K)
 Metaspace       used 20770K, capacity 21225K, committed 21296K, reserved 536576K
  class space    used 2521K, capacity 2688K, committed 2688K, reserved 516096K
}
Event: 85.249 GC heap after
{Heap after GC invocations=2 (full 0):
 garbage-first heap   total 260096K, used 18740K [0x0000000080000000, 0x0000000100000000)
  region size 1024K, 11 young (11264K), 11 survivors (11264K)
 Metaspace       used 20770K, capacity 21225K, committed 21296K, reserved 536576K
  class space    used 2521K, capacity 2688K, committed 2688K, reserved 516096K
}
Event: 87.201 GC heap before
{Heap before GC invocations=3 (full 0):
 garbage-first heap   total 260096K, used 32052K [0x0000000080000000, 0x0000000100000000)
  region size 1024K, 24 young (24576K), 11 survivors (11264K)
 Metaspace       used 21964K, capacity 22468K, committed 22600K, reserved 536576K
  class space    used 2714K, capacity 2889K, committed 2968K, reserved 516096K
}
Event: 87.219 GC heap after
{Heap after GC invocations=4 (full 0):
 garbage-first heap   total 260096K, used 18841K [0x0000000080000000, 0x0000000100000000)
  region size 1024K, 1 young (1024K), 1 survivors (1024K)
 Metaspace       used 21964K, capacity 22468K, committed 22600K, reserved 536576K
  class space    used 2714K, capacity 2889K, committed 2968K, reserved 516096K
}
Event: 100.877 GC heap before
{Heap before GC invocations=5 (full 0):
 garbage-first heap   total 260096K, used 78233K [0x0000000080000000, 0x0000000100000000)
  region size 1024K, 59 young (60416K), 1 survivors (1024K)
 Metaspace       used 27487K, capacity 28174K, committed 28360K, reserved 540672K
  class space    used 3599K, capacity 3845K, committed 3864K, reserved 516096K
}
Event: 100.887 GC heap after
{Heap after GC invocations=6 (full 0):
 garbage-first heap   total 260096K, used 20790K [0x0000000080000000, 0x0000000100000000)
  region size 1024K, 3 young (3072K), 3 survivors (3072K)
 Metaspace       used 27487K, capacity 28174K, committed 28360K, reserved 540672K
  class space    used 3599K, capacity 3845K, committed 3864K, reserved 516096K
}

