# JRE version: Java(TM) SE Runtime Environment 18.9 (11.0.21+9) (build 11.0.21+9-LTS-193)
# Java VM: Java HotSpot(TM) 64-Bit Server VM 18.9 (11.0.21+9-LTS-193, mixed mode, tiered, compressed oops, g1 gc, windows-amd64)
Heap:
 garbage-first heap   total 260096K, used 20926K [0x0000000080000000, 0x0000000100000000)
  region size 1024K, 3 young (3072K), 3 survivors (3072K)
 Metaspace       used 26211K, capacity 26836K, committed 26876K, reserved 548864K
  class space    used 3406K, capacity 3626K, committed 3660K, reserved 516096K
GC Heap History (8 events):
Event: 33.191 GC heap before
{Heap before GC invocations=0 (full 0):
 garbage-first heap   total 260096K, used 27648K [0x0000000080000000, 0x0000000100000000)
  region size 1024K, 24 young (24576K), 0 survivors (0K)
 Metaspace       used 9996K, capacity 10257K, committed 10368K, reserved 526336K
  class space    used 1040K, capacity 1107K, committed 1152K, reserved 516096K
}
Event: 34.588 GC heap after
{Heap after GC invocations=1 (full 0):
 garbage-first heap   total 260096K, used 10588K [0x0000000080000000, 0x0000000100000000)
  region size 1024K, 3 young (3072K), 3 survivors (3072K)
 Metaspace       used 9996K, capacity 10257K, committed 10368K, reserved 526336K
  class space    used 1040K, capacity 1107K, committed 1152K, reserved 516096K
}
Event: 130.621 GC heap before
{Heap before GC invocations=1 (full 0):
 garbage-first heap   total 260096K, used 103772K [0x0000000080000000, 0x0000000100000000)
  region size 1024K, 94 young (96256K), 3 survivors (3072K)
 Metaspace       used 20787K, capacity 21226K, committed 21296K, reserved 536576K
  class space    used 2517K, capacity 2688K, committed 2688K, reserved 516096K
}
Event: 130.862 GC heap after
{Heap after GC invocations=2 (full 0):
 garbage-first heap   total 260096K, used 18186K [0x0000000080000000, 0x0000000100000000)
  region size 1024K, 11 young (11264K), 11 survivors (11264K)
 Metaspace       used 20787K, capacity 21226K, committed 21296K, reserved 536576K
  class space    used 2517K, capacity 2688K, committed 2688K, reserved 516096K
}
Event: 131.763 GC heap before
{Heap before GC invocations=3 (full 0):
 garbage-first heap   total 260096K, used 30474K [0x0000000080000000, 0x0000000100000000)
  region size 1024K, 23 young (23552K), 11 survivors (11264K)
 Metaspace       used 21887K, capacity 22373K, committed 22524K, reserved 536576K
  class space    used 2696K, capacity 2857K, committed 2892K, reserved 516096K
}
Event: 131.791 GC heap after
{Heap after GC invocations=4 (full 0):
 garbage-first heap   total 260096K, used 19253K [0x0000000080000000, 0x0000000100000000)
  region size 1024K, 1 young (1024K), 1 survivors (1024K)
 Metaspace       used 21887K, capacity 22373K, committed 22524K, reserved 536576K
  class space    used 2696K, capacity 2857K, committed 2892K, reserved 516096K
}
Event: 139.960 GC heap before
{Heap before GC invocations=4 (full 0):
 garbage-first heap   total 260096K, used 64309K [0x0000000080000000, 0x0000000100000000)
  region size 1024K, 46 young (47104K), 1 survivors (1024K)
 Metaspace       used 26211K, capacity 26836K, committed 26876K, reserved 546816K
  class space    used 3406K, capacity 3626K, committed 3660K, reserved 516096K
}
Event: 139.979 GC heap after
{Heap after GC invocations=5 (full 0):
 garbage-first heap   total 260096K, used 20926K [0x0000000080000000, 0x0000000100000000)
  region size 1024K, 3 young (3072K), 3 survivors (3072K)
 Metaspace       used 26211K, capacity 26836K, committed 26876K, reserved 546816K
  class space    used 3406K, capacity 3626K, committed 3660K, reserved 516096K
}

